mode: atomic
github.com/dali-lab/dplanner/spider/pkg/layuplist/layuplist.go:33.51,35.16 2 3
github.com/dali-lab/dplanner/spider/pkg/layuplist/layuplist.go:38.2,42.21 4 2
github.com/dali-lab/dplanner/spider/pkg/layuplist/layuplist.go:46.2,46.71 1 1
github.com/dali-lab/dplanner/spider/pkg/layuplist/layuplist.go:35.16,37.3 1 1
github.com/dali-lab/dplanner/spider/pkg/layuplist/layuplist.go:42.21,44.3 1 1
github.com/dali-lab/dplanner/spider/pkg/layuplist/layuplist.go:50.49,52.16 2 2
github.com/dali-lab/dplanner/spider/pkg/layuplist/layuplist.go:55.2,61.15 4 1
github.com/dali-lab/dplanner/spider/pkg/layuplist/layuplist.go:52.16,54.3 1 1
github.com/dali-lab/dplanner/spider/pkg/layuplist/layuplist.go:65.50,67.16 2 2
github.com/dali-lab/dplanner/spider/pkg/layuplist/layuplist.go:70.2,76.15 4 1
github.com/dali-lab/dplanner/spider/pkg/layuplist/layuplist.go:67.16,69.3 1 1
github.com/dali-lab/dplanner/spider/pkg/layuplist/layuplist.go:86.51,88.16 2 2
github.com/dali-lab/dplanner/spider/pkg/layuplist/layuplist.go:91.2,96.84 4 1
github.com/dali-lab/dplanner/spider/pkg/layuplist/layuplist.go:110.2,110.15 1 1
github.com/dali-lab/dplanner/spider/pkg/layuplist/layuplist.go:88.16,90.3 1 1
github.com/dali-lab/dplanner/spider/pkg/layuplist/layuplist.go:96.84,100.22 4 15
github.com/dali-lab/dplanner/spider/pkg/layuplist/layuplist.go:100.22,101.65 1 15
github.com/dali-lab/dplanner/spider/pkg/layuplist/layuplist.go:101.65,106.5 1 8
github.com/dali-lab/dplanner/spider/pkg/registrar/registrar.go:34.42,36.16 2 2
github.com/dali-lab/dplanner/spider/pkg/registrar/registrar.go:39.2,45.89 4 1
github.com/dali-lab/dplanner/spider/pkg/registrar/registrar.go:87.2,87.15 1 1
github.com/dali-lab/dplanner/spider/pkg/registrar/registrar.go:36.16,38.3 1 1
github.com/dali-lab/dplanner/spider/pkg/registrar/registrar.go:45.89,85.3 19 1094
github.com/dali-lab/dplanner/spider/pkg/registrar/registrar.go:91.36,93.16 2 2
github.com/dali-lab/dplanner/spider/pkg/registrar/registrar.go:96.2,102.18 5 1
github.com/dali-lab/dplanner/spider/pkg/registrar/registrar.go:93.16,95.3 1 1
github.com/dali-lab/dplanner/spider/main.go:14.34,18.34 3 1
github.com/dali-lab/dplanner/spider/main.go:21.2,21.38 1 1
github.com/dali-lab/dplanner/spider/main.go:26.2,26.38 1 1
github.com/dali-lab/dplanner/spider/main.go:34.2,34.41 1 1
github.com/dali-lab/dplanner/spider/main.go:43.2,43.50 1 1
github.com/dali-lab/dplanner/spider/main.go:53.2,53.52 1 1
github.com/dali-lab/dplanner/spider/main.go:62.2,62.52 1 1
github.com/dali-lab/dplanner/spider/main.go:71.2,71.55 1 1
github.com/dali-lab/dplanner/spider/main.go:81.2,81.10 1 1
github.com/dali-lab/dplanner/spider/main.go:18.34,20.3 1 1
github.com/dali-lab/dplanner/spider/main.go:21.38,25.3 1 1
github.com/dali-lab/dplanner/spider/main.go:26.38,28.17 2 1
github.com/dali-lab/dplanner/spider/main.go:32.3,32.32 1 1
github.com/dali-lab/dplanner/spider/main.go:28.17,31.4 2 0
github.com/dali-lab/dplanner/spider/main.go:34.41,36.17 2 1
github.com/dali-lab/dplanner/spider/main.go:40.3,41.23 2 1
github.com/dali-lab/dplanner/spider/main.go:36.17,39.4 2 0
github.com/dali-lab/dplanner/spider/main.go:43.50,47.17 4 1
github.com/dali-lab/dplanner/spider/main.go:51.3,51.18 1 1
github.com/dali-lab/dplanner/spider/main.go:47.17,50.4 2 0
github.com/dali-lab/dplanner/spider/main.go:53.52,56.17 3 1
github.com/dali-lab/dplanner/spider/main.go:60.3,60.23 1 1
github.com/dali-lab/dplanner/spider/main.go:56.17,59.4 2 0
github.com/dali-lab/dplanner/spider/main.go:62.52,65.17 3 1
github.com/dali-lab/dplanner/spider/main.go:69.3,69.23 1 1
github.com/dali-lab/dplanner/spider/main.go:65.17,68.4 2 0
github.com/dali-lab/dplanner/spider/main.go:71.55,74.17 3 1
github.com/dali-lab/dplanner/spider/main.go:78.3,78.21 1 1
github.com/dali-lab/dplanner/spider/main.go:74.17,77.4 2 0
github.com/dali-lab/dplanner/spider/main.go:84.13,86.16 2 0
github.com/dali-lab/dplanner/spider/main.go:89.2,89.33 1 0
github.com/dali-lab/dplanner/spider/main.go:86.16,88.3 1 0
